This is pdfTeX, Version 3.14159265-2.6-1.40.18 (MiKTeX 2.9.6300) (preloaded format=pdflatex 2017.8.26)  26 SEP 2017 11:02
entering extended mode
**./dotted-1.tex
(dotted-1.tex
LaTeX2e <2017-04-15>
Babel <3.9r> and hyphenation patterns for 75 language(s) loaded.
("C:\Program Files (x86)\MiKTeX 2.9\tex\latex\base\article.cls"
Document Class: article 2014/09/29 v1.4h Standard LaTeX document class
("C:\Program Files (x86)\MiKTeX 2.9\tex\latex\base\size10.clo"
File: size10.clo 2014/09/29 v1.4h Standard LaTeX file (size option)
)
\c@part=\count79
\c@section=\count80
\c@subsection=\count81
\c@subsubsection=\count82
\c@paragraph=\count83
\c@subparagraph=\count84
\c@figure=\count85
\c@table=\count86
\abovecaptionskip=\skip41
\belowcaptionskip=\skip42
\bibindent=\dimen102
)
("C:\Program Files (x86)\MiKTeX 2.9\tex\latex\geometry\geometry.sty"
Package: geometry 2010/09/12 v5.6 Page Geometry

("C:\Program Files (x86)\MiKTeX 2.9\tex\latex\graphics\keyval.sty"
Package: keyval 2014/10/28 v1.15 key=value parser (DPC)
\KV@toks@=\toks14
)
("C:\Program Files (x86)\MiKTeX 2.9\tex\generic\oberdiek\ifpdf.sty"
Package: ifpdf 2017/03/15 v3.2 Provides the ifpdf switch
)
("C:\Program Files (x86)\MiKTeX 2.9\tex\generic\oberdiek\ifvtex.sty"
Package: ifvtex 2016/05/16 v1.6 Detect VTeX and its facilities (HO)
Package ifvtex Info: VTeX not detected.
)
("C:\Program Files (x86)\MiKTeX 2.9\tex\generic\ifxetex\ifxetex.sty"
Package: ifxetex 2010/09/12 v0.6 Provides ifxetex conditional
)
\Gm@cnth=\count87
\Gm@cntv=\count88
\c@Gm@tempcnt=\count89
\Gm@bindingoffset=\dimen103
\Gm@wd@mp=\dimen104
\Gm@odd@mp=\dimen105
\Gm@even@mp=\dimen106
\Gm@layoutwidth=\dimen107
\Gm@layoutheight=\dimen108
\Gm@layouthoffset=\dimen109
\Gm@layoutvoffset=\dimen110
\Gm@dimlist=\toks15

("C:\Program Files (x86)\MiKTeX 2.9\tex\latex\geometry\geometry.cfg"))
("C:\Program Files (x86)\MiKTeX 2.9\tex\latex\pgf\frontendlayer\tikz.sty"
("C:\Program Files (x86)\MiKTeX 2.9\tex\latex\pgf\basiclayer\pgf.sty"
("C:\Program Files (x86)\MiKTeX 2.9\tex\latex\pgf\utilities\pgfrcs.sty"
("C:\Program Files (x86)\MiKTeX 2.9\tex\generic\pgf\utilities\pgfutil-common.te
x"
\pgfutil@everybye=\toks16
\pgfutil@tempdima=\dimen111
\pgfutil@tempdimb=\dimen112

("C:\Program Files (x86)\MiKTeX 2.9\tex\generic\pgf\utilities\pgfutil-common-li
sts.tex"))
("C:\Program Files (x86)\MiKTeX 2.9\tex\generic\pgf\utilities\pgfutil-latex.def
"
\pgfutil@abb=\box26
 ("C:\Program Files (x86)\MiKTeX 2.9\tex\latex\ms\everyshi.sty"
Package: everyshi 2001/05/15 v3.00 EveryShipout Package (MS)
))
("C:\Program Files (x86)\MiKTeX 2.9\tex\generic\pgf\utilities\pgfrcs.code.tex"
Package: pgfrcs 2015/08/07 v3.0.1a (rcs-revision 1.31)
))
Package: pgf 2015/08/07 v3.0.1a (rcs-revision 1.15)
 ("C:\Program Files (x86)\MiKTeX 2.9\tex\latex\pgf\basiclayer\pgfcore.sty"
("C:\Program Files (x86)\MiKTeX 2.9\tex\latex\graphics\graphicx.sty"
Package: graphicx 2014/10/28 v1.0g Enhanced LaTeX Graphics (DPC,SPQR)

("C:\Program Files (x86)\MiKTeX 2.9\tex\latex\graphics\graphics.sty"
Package: graphics 2017/04/14 v1.1b Standard LaTeX Graphics (DPC,SPQR)

("C:\Program Files (x86)\MiKTeX 2.9\tex\latex\graphics\trig.sty"
Package: trig 2016/01/03 v1.10 sin cos tan (DPC)
)
("C:\Program Files (x86)\MiKTeX 2.9\tex\latex\graphics-cfg\graphics.cfg"
File: graphics.cfg 2016/06/04 v1.11 sample graphics configuration
)
Package graphics Info: Driver file: pdftex.def on input line 99.

("C:\Program Files (x86)\MiKTeX 2.9\tex\latex\graphics-def\pdftex.def"
File: pdftex.def 2017/01/12 v0.06k Graphics/color for pdfTeX

("C:\Program Files (x86)\MiKTeX 2.9\tex\generic\oberdiek\infwarerr.sty"
Package: infwarerr 2016/05/16 v1.4 Providing info/warning/error messages (HO)
)
("C:\Program Files (x86)\MiKTeX 2.9\tex\generic\oberdiek\ltxcmds.sty"
Package: ltxcmds 2016/05/16 v1.23 LaTeX kernel commands for general use (HO)
)
\Gread@gobject=\count90
))
\Gin@req@height=\dimen113
\Gin@req@width=\dimen114
)
("C:\Program Files (x86)\MiKTeX 2.9\tex\latex\pgf\systemlayer\pgfsys.sty"
("C:\Program Files (x86)\MiKTeX 2.9\tex\generic\pgf\systemlayer\pgfsys.code.tex
"
Package: pgfsys 2014/07/09 v3.0.1a (rcs-revision 1.48)
 ("C:\Program Files (x86)\MiKTeX 2.9\tex\generic\pgf\utilities\pgfkeys.code.tex
"
\pgfkeys@pathtoks=\toks17
\pgfkeys@temptoks=\toks18

("C:\Program Files (x86)\MiKTeX 2.9\tex\generic\pgf\utilities\pgfkeysfiltered.c
ode.tex"
\pgfkeys@tmptoks=\toks19
))
\pgf@x=\dimen115
\pgf@y=\dimen116
\pgf@xa=\dimen117
\pgf@ya=\dimen118
\pgf@xb=\dimen119
\pgf@yb=\dimen120
\pgf@xc=\dimen121
\pgf@yc=\dimen122
\w@pgf@writea=\write3
\r@pgf@reada=\read1
\c@pgf@counta=\count91
\c@pgf@countb=\count92
\c@pgf@countc=\count93
\c@pgf@countd=\count94
\t@pgf@toka=\toks20
\t@pgf@tokb=\toks21
\t@pgf@tokc=\toks22

("C:\Program Files (x86)\MiKTeX 2.9\tex\generic\pgf\systemlayer\pgf.cfg"
File: pgf.cfg 2008/05/14  (rcs-revision 1.7)
)
Driver file for pgf: pgfsys-pdftex.def

("C:\Program Files (x86)\MiKTeX 2.9\tex\generic\pgf\systemlayer\pgfsys-pdftex.d
ef"
File: pgfsys-pdftex.def 2014/10/11  (rcs-revision 1.35)

("C:\Program Files (x86)\MiKTeX 2.9\tex\generic\pgf\systemlayer\pgfsys-common-p
df.def"
File: pgfsys-common-pdf.def 2013/10/10  (rcs-revision 1.13)
)))
("C:\Program Files (x86)\MiKTeX 2.9\tex\generic\pgf\systemlayer\pgfsyssoftpath.
code.tex"
File: pgfsyssoftpath.code.tex 2013/09/09  (rcs-revision 1.9)
\pgfsyssoftpath@smallbuffer@items=\count95
\pgfsyssoftpath@bigbuffer@items=\count96
)
("C:\Program Files (x86)\MiKTeX 2.9\tex\generic\pgf\systemlayer\pgfsysprotocol.
code.tex"
File: pgfsysprotocol.code.tex 2006/10/16  (rcs-revision 1.4)
)) ("C:\Program Files (x86)\MiKTeX 2.9\tex\latex\xcolor\xcolor.sty"
Package: xcolor 2016/05/11 v2.12 LaTeX color extensions (UK)

("C:\Program Files (x86)\MiKTeX 2.9\tex\latex\graphics-cfg\color.cfg"
File: color.cfg 2016/01/02 v1.6 sample color configuration
)
Package xcolor Info: Driver file: pdftex.def on input line 225.
Package xcolor Info: Model `cmy' substituted by `cmy0' on input line 1348.
Package xcolor Info: Model `hsb' substituted by `rgb' on input line 1352.
Package xcolor Info: Model `RGB' extended on input line 1364.
Package xcolor Info: Model `HTML' substituted by `rgb' on input line 1366.
Package xcolor Info: Model `Hsb' substituted by `hsb' on input line 1367.
Package xcolor Info: Model `tHsb' substituted by `hsb' on input line 1368.
Package xcolor Info: Model `HSB' substituted by `hsb' on input line 1369.
Package xcolor Info: Model `Gray' substituted by `gray' on input line 1370.
Package xcolor Info: Model `wave' substituted by `hsb' on input line 1371.
)
("C:\Program Files (x86)\MiKTeX 2.9\tex\generic\pgf\basiclayer\pgfcore.code.tex
"
Package: pgfcore 2010/04/11 v3.0.1a (rcs-revision 1.7)
 ("C:\Program Files (x86)\MiKTeX 2.9\tex\generic\pgf\math\pgfmath.code.tex"
("C:\Program Files (x86)\MiKTeX 2.9\tex\generic\pgf\math\pgfmathcalc.code.tex"
("C:\Program Files (x86)\MiKTeX 2.9\tex\generic\pgf\math\pgfmathutil.code.tex")
("C:\Program Files (x86)\MiKTeX 2.9\tex\generic\pgf\math\pgfmathparser.code.tex
"
\pgfmath@dimen=\dimen123
\pgfmath@count=\count97
\pgfmath@box=\box27
\pgfmath@toks=\toks23
\pgfmath@stack@operand=\toks24
\pgfmath@stack@operation=\toks25
)
("C:\Program Files (x86)\MiKTeX 2.9\tex\generic\pgf\math\pgfmathfunctions.code.
tex"
("C:\Program Files (x86)\MiKTeX 2.9\tex\generic\pgf\math\pgfmathfunctions.basic
.code.tex")
("C:\Program Files (x86)\MiKTeX 2.9\tex\generic\pgf\math\pgfmathfunctions.trigo
nometric.code.tex")
("C:\Program Files (x86)\MiKTeX 2.9\tex\generic\pgf\math\pgfmathfunctions.rando
m.code.tex")
("C:\Program Files (x86)\MiKTeX 2.9\tex\generic\pgf\math\pgfmathfunctions.compa
rison.code.tex")
("C:\Program Files (x86)\MiKTeX 2.9\tex\generic\pgf\math\pgfmathfunctions.base.
code.tex")
("C:\Program Files (x86)\MiKTeX 2.9\tex\generic\pgf\math\pgfmathfunctions.round
.code.tex")
("C:\Program Files (x86)\MiKTeX 2.9\tex\generic\pgf\math\pgfmathfunctions.misc.
code.tex")
("C:\Program Files (x86)\MiKTeX 2.9\tex\generic\pgf\math\pgfmathfunctions.integ
erarithmetics.code.tex")))
("C:\Program Files (x86)\MiKTeX 2.9\tex\generic\pgf\math\pgfmathfloat.code.tex"
\c@pgfmathroundto@lastzeros=\count98
))
("C:\Program Files (x86)\MiKTeX 2.9\tex\generic\pgf\basiclayer\pgfcorepoints.co
de.tex"
File: pgfcorepoints.code.tex 2013/10/07  (rcs-revision 1.27)
\pgf@picminx=\dimen124
\pgf@picmaxx=\dimen125
\pgf@picminy=\dimen126
\pgf@picmaxy=\dimen127
\pgf@pathminx=\dimen128
\pgf@pathmaxx=\dimen129
\pgf@pathminy=\dimen130
\pgf@pathmaxy=\dimen131
\pgf@xx=\dimen132
\pgf@xy=\dimen133
\pgf@yx=\dimen134
\pgf@yy=\dimen135
\pgf@zx=\dimen136
\pgf@zy=\dimen137
)
("C:\Program Files (x86)\MiKTeX 2.9\tex\generic\pgf\basiclayer\pgfcorepathconst
ruct.code.tex"
File: pgfcorepathconstruct.code.tex 2013/10/07  (rcs-revision 1.29)
\pgf@path@lastx=\dimen138
\pgf@path@lasty=\dimen139
)
("C:\Program Files (x86)\MiKTeX 2.9\tex\generic\pgf\basiclayer\pgfcorepathusage
.code.tex"
File: pgfcorepathusage.code.tex 2014/11/02  (rcs-revision 1.24)
\pgf@shorten@end@additional=\dimen140
\pgf@shorten@start@additional=\dimen141
)
("C:\Program Files (x86)\MiKTeX 2.9\tex\generic\pgf\basiclayer\pgfcorescopes.co
de.tex"
File: pgfcorescopes.code.tex 2015/05/08  (rcs-revision 1.46)
\pgfpic=\box28
\pgf@hbox=\box29
\pgf@layerbox@main=\box30
\pgf@picture@serial@count=\count99
)
("C:\Program Files (x86)\MiKTeX 2.9\tex\generic\pgf\basiclayer\pgfcoregraphicst
ate.code.tex"
File: pgfcoregraphicstate.code.tex 2014/11/02  (rcs-revision 1.12)
\pgflinewidth=\dimen142
)
("C:\Program Files (x86)\MiKTeX 2.9\tex\generic\pgf\basiclayer\pgfcoretransform
ations.code.tex"
File: pgfcoretransformations.code.tex 2015/08/07  (rcs-revision 1.20)
\pgf@pt@x=\dimen143
\pgf@pt@y=\dimen144
\pgf@pt@temp=\dimen145
)
("C:\Program Files (x86)\MiKTeX 2.9\tex\generic\pgf\basiclayer\pgfcorequick.cod
e.tex"
File: pgfcorequick.code.tex 2008/10/09  (rcs-revision 1.3)
)
("C:\Program Files (x86)\MiKTeX 2.9\tex\generic\pgf\basiclayer\pgfcoreobjects.c
ode.tex"
File: pgfcoreobjects.code.tex 2006/10/11  (rcs-revision 1.2)
)
("C:\Program Files (x86)\MiKTeX 2.9\tex\generic\pgf\basiclayer\pgfcorepathproce
ssing.code.tex"
File: pgfcorepathprocessing.code.tex 2013/09/09  (rcs-revision 1.9)
)
("C:\Program Files (x86)\MiKTeX 2.9\tex\generic\pgf\basiclayer\pgfcorearrows.co
de.tex"
File: pgfcorearrows.code.tex 2015/05/14  (rcs-revision 1.43)
\pgfarrowsep=\dimen146
)
("C:\Program Files (x86)\MiKTeX 2.9\tex\generic\pgf\basiclayer\pgfcoreshade.cod
e.tex"
File: pgfcoreshade.code.tex 2013/07/15  (rcs-revision 1.15)
\pgf@max=\dimen147
\pgf@sys@shading@range@num=\count100
)
("C:\Program Files (x86)\MiKTeX 2.9\tex\generic\pgf\basiclayer\pgfcoreimage.cod
e.tex"
File: pgfcoreimage.code.tex 2013/07/15  (rcs-revision 1.18)

("C:\Program Files (x86)\MiKTeX 2.9\tex\generic\pgf\basiclayer\pgfcoreexternal.
code.tex"
File: pgfcoreexternal.code.tex 2014/07/09  (rcs-revision 1.21)
\pgfexternal@startupbox=\box31
))
("C:\Program Files (x86)\MiKTeX 2.9\tex\generic\pgf\basiclayer\pgfcorelayers.co
de.tex"
File: pgfcorelayers.code.tex 2013/07/18  (rcs-revision 1.7)
)
("C:\Program Files (x86)\MiKTeX 2.9\tex\generic\pgf\basiclayer\pgfcoretranspare
ncy.code.tex"
File: pgfcoretransparency.code.tex 2013/09/30  (rcs-revision 1.5)
)
("C:\Program Files (x86)\MiKTeX 2.9\tex\generic\pgf\basiclayer\pgfcorepatterns.
code.tex"
File: pgfcorepatterns.code.tex 2013/11/07  (rcs-revision 1.5)
)))
("C:\Program Files (x86)\MiKTeX 2.9\tex\generic\pgf\modules\pgfmoduleshapes.cod
e.tex"
File: pgfmoduleshapes.code.tex 2014/03/21  (rcs-revision 1.35)
\pgfnodeparttextbox=\box32
)
("C:\Program Files (x86)\MiKTeX 2.9\tex\generic\pgf\modules\pgfmoduleplot.code.
tex"
File: pgfmoduleplot.code.tex 2015/08/03  (rcs-revision 1.13)
)
("C:\Program Files (x86)\MiKTeX 2.9\tex\latex\pgf\compatibility\pgfcomp-version
-0-65.sty"
Package: pgfcomp-version-0-65 2007/07/03 v3.0.1a (rcs-revision 1.7)
\pgf@nodesepstart=\dimen148
\pgf@nodesepend=\dimen149
)
("C:\Program Files (x86)\MiKTeX 2.9\tex\latex\pgf\compatibility\pgfcomp-version
-1-18.sty"
Package: pgfcomp-version-1-18 2007/07/23 v3.0.1a (rcs-revision 1.1)
))
("C:\Program Files (x86)\MiKTeX 2.9\tex\latex\pgf\utilities\pgffor.sty"
("C:\Program Files (x86)\MiKTeX 2.9\tex\latex\pgf\utilities\pgfkeys.sty"
("C:\Program Files (x86)\MiKTeX 2.9\tex\generic\pgf\utilities\pgfkeys.code.tex"
)) ("C:\Program Files (x86)\MiKTeX 2.9\tex\latex\pgf\math\pgfmath.sty"
("C:\Program Files (x86)\MiKTeX 2.9\tex\generic\pgf\math\pgfmath.code.tex"))
("C:\Program Files (x86)\MiKTeX 2.9\tex\generic\pgf\utilities\pgffor.code.tex"
Package: pgffor 2013/12/13 v3.0.1a (rcs-revision 1.25)

("C:\Program Files (x86)\MiKTeX 2.9\tex\generic\pgf\math\pgfmath.code.tex")
\pgffor@iter=\dimen150
\pgffor@skip=\dimen151
\pgffor@stack=\toks26
\pgffor@toks=\toks27
))
("C:\Program Files (x86)\MiKTeX 2.9\tex\generic\pgf\frontendlayer\tikz\tikz.cod
e.tex"
Package: tikz 2015/08/07 v3.0.1a (rcs-revision 1.151)

("C:\Program Files (x86)\MiKTeX 2.9\tex\generic\pgf\libraries\pgflibraryplothan
dlers.code.tex"
File: pgflibraryplothandlers.code.tex 2013/08/31 v3.0.1a (rcs-revision 1.20)
\pgf@plot@mark@count=\count101
\pgfplotmarksize=\dimen152
)
\tikz@lastx=\dimen153
\tikz@lasty=\dimen154
\tikz@lastxsaved=\dimen155
\tikz@lastysaved=\dimen156
\tikzleveldistance=\dimen157
\tikzsiblingdistance=\dimen158
\tikz@figbox=\box33
\tikz@figbox@bg=\box34
\tikz@tempbox=\box35
\tikz@tempbox@bg=\box36
\tikztreelevel=\count102
\tikznumberofchildren=\count103
\tikznumberofcurrentchild=\count104
\tikz@fig@count=\count105

("C:\Program Files (x86)\MiKTeX 2.9\tex\generic\pgf\modules\pgfmodulematrix.cod
e.tex"
File: pgfmodulematrix.code.tex 2013/09/17  (rcs-revision 1.8)
\pgfmatrixcurrentrow=\count106
\pgfmatrixcurrentcolumn=\count107
\pgf@matrix@numberofcolumns=\count108
)
\tikz@expandcount=\count109

("C:\Program Files (x86)\MiKTeX 2.9\tex\generic\pgf\frontendlayer\tikz\librarie
s\tikzlibrarytopaths.code.tex"
File: tikzlibrarytopaths.code.tex 2008/06/17 v3.0.1a (rcs-revision 1.2)
))) (dotted-1.aux)
\openout1 = `dotted-1.aux'.

LaTeX Font Info:    Checking defaults for OML/cmm/m/it on input line 5.
LaTeX Font Info:    ... okay on input line 5.
LaTeX Font Info:    Checking defaults for T1/cmr/m/n on input line 5.
LaTeX Font Info:    ... okay on input line 5.
LaTeX Font Info:    Checking defaults for OT1/cmr/m/n on input line 5.
LaTeX Font Info:    ... okay on input line 5.
LaTeX Font Info:    Checking defaults for OMS/cmsy/m/n on input line 5.
LaTeX Font Info:    ... okay on input line 5.
LaTeX Font Info:    Checking defaults for OMX/cmex/m/n on input line 5.
LaTeX Font Info:    ... okay on input line 5.
LaTeX Font Info:    Checking defaults for U/cmr/m/n on input line 5.
LaTeX Font Info:    ... okay on input line 5.

*geometry* driver: auto-detecting
*geometry* detected driver: pdftex
*geometry* verbose mode - [ preamble ] result:
* driver: pdftex
* paper: a4paper
* layout: <same size as paper>
* layoutoffset:(h,v)=(0.0pt,0.0pt)
* modes: 
* h-part:(L,W,R)=(0.0pt, 588.97206pt, 8.53581pt)
* v-part:(T,H,B)=(14.22636pt, 816.59412pt, 14.22636pt)
* \paperwidth=597.50787pt
* \paperheight=845.04684pt
* \textwidth=588.97206pt
* \textheight=816.59412pt
* \oddsidemargin=-72.26999pt
* \evensidemargin=-72.26999pt
* \topmargin=-95.04362pt
* \headheight=12.0pt
* \headsep=25.0pt
* \topskip=10.0pt
* \footskip=30.0pt
* \marginparwidth=65.0pt
* \marginparsep=11.0pt
* \columnsep=10.0pt
* \skip\footins=9.0pt plus 4.0pt minus 2.0pt
* \hoffset=0.0pt
* \voffset=0.0pt
* \mag=1000
* \@twocolumnfalse
* \@twosidefalse
* \@mparswitchfalse
* \@reversemarginfalse
* (1in=72.27pt=25.4mm, 1cm=28.453pt)

ABD: EveryShipout initializing macros
("C:\Program Files (x86)\MiKTeX 2.9\tex\context\base\supp-pdf.mkii"
[Loading MPS to PDF converter (version 2006.09.02).]
\scratchcounter=\count110
\scratchdimen=\dimen159
\scratchbox=\box37
\nofMPsegments=\count111
\nofMParguments=\count112
\everyMPshowfont=\toks28
\MPscratchCnt=\count113
\MPscratchDim=\dimen160
\MPnumerator=\count114
\makeMPintoPDFobject=\count115
\everyMPtoPDFconversion=\toks29
) ("C:\Program Files (x86)\MiKTeX 2.9\tex\generic\oberdiek\pdftexcmds.sty"
Package: pdftexcmds 2017/03/19 v0.25 Utility functions of pdfTeX for LuaTeX (HO
)

("C:\Program Files (x86)\MiKTeX 2.9\tex\generic\oberdiek\ifluatex.sty"
Package: ifluatex 2016/05/16 v1.4 Provides the ifluatex switch (HO)
Package ifluatex Info: LuaTeX not detected.
)
Package pdftexcmds Info: LuaTeX not detected.
Package pdftexcmds Info: \pdf@primitive is available.
Package pdftexcmds Info: \pdf@ifprimitive is available.
Package pdftexcmds Info: \pdfdraftmode found.
)
("C:\Program Files (x86)\MiKTeX 2.9\tex\latex\oberdiek\epstopdf-base.sty"
Package: epstopdf-base 2016/05/15 v2.6 Base part for package epstopdf

("C:\Program Files (x86)\MiKTeX 2.9\tex\latex\oberdiek\grfext.sty"
Package: grfext 2016/05/16 v1.2 Manage graphics extensions (HO)

("C:\Program Files (x86)\MiKTeX 2.9\tex\generic\oberdiek\kvdefinekeys.sty"
Package: kvdefinekeys 2016/05/16 v1.4 Define keys (HO)
))
("C:\Program Files (x86)\MiKTeX 2.9\tex\latex\oberdiek\kvoptions.sty"
Package: kvoptions 2016/05/16 v3.12 Key value format for package options (HO)

("C:\Program Files (x86)\MiKTeX 2.9\tex\generic\oberdiek\kvsetkeys.sty"
Package: kvsetkeys 2016/05/16 v1.17 Key value parser (HO)

("C:\Program Files (x86)\MiKTeX 2.9\tex\generic\oberdiek\etexcmds.sty"
Package: etexcmds 2016/05/16 v1.6 Avoid name clashes with e-TeX commands (HO)
Package etexcmds Info: Could not find \expanded.
(etexcmds)             That can mean that you are not using pdfTeX 1.50 or
(etexcmds)             that some package has redefined \expanded.
(etexcmds)             In the latter case, load this package earlier.
)))
Package epstopdf-base Info: Redefining graphics rule for `.eps' on input line 4
38.
Package grfext Info: Graphics extension search list:
(grfext)             [.png,.pdf,.jpg,.mps,.jpeg,.jbig2,.jb2,.PNG,.PDF,.JPG,.JPE
G,.JBIG2,.JB2,.eps]
(grfext)             \AppendGraphicsExtensions on input line 456.
)
Overfull \hbox (10.73187pt too wide) in paragraph at lines 12--13
[][] 
 []

[1

] (dotted-1.aux) ) 
Here is how much of TeX's memory you used:
 11796 strings out of 493328
 239392 string characters out of 3136526
 1167228 words of memory out of 3000000
 15133 multiletter control sequences out of 15000+200000
 3640 words of font info for 14 fonts, out of 3000000 for 9000
 1141 hyphenation exceptions out of 8191
 55i,5n,54p,408b,485s stack positions out of 5000i,500n,10000p,200000b,50000s

Output written on dotted-1.pdf (1 page, 126422 bytes).
PDF statistics:
 9 PDF objects out of 1000 (max. 8388607)
 0 named destinations out of 1000 (max. 500000)
 13 words of extra memory for PDF output out of 10000 (max. 10000000)

